
> @coreproject-moe/icons-docs@0.0.1 build
> vite build

[36mvite v5.4.2 [32mbuilding SSR bundle for production...[36m[39m
transforming...
[32m✓[39m 207 modules transformed.
rendering chunks...
[36mvite v5.4.2 [32mbuilding for production...[36m[39m
transforming...
[32m✓[39m 223 modules transformed.
rendering chunks...
computing gzip size...
[2m.svelte-kit/output/client/[22m[32m_app/version.json                                                         [39m[1m[2m 0.03 kB[22m[1m[22m[2m │ gzip:  0.05 kB[22m
[2m.svelte-kit/output/client/[22m[32m.vite/manifest.json                                                       [39m[1m[2m51.78 kB[22m[1m[22m[2m │ gzip:  3.73 kB[22m
[2m.svelte-kit/output/client/[22m[36m_app/immutable/entry/start.D3SCyLtA.js                                    [39m[1m[2m 0.10 kB[22m[1m[22m[2m │ gzip:  0.11 kB[22m[2m │ map:   0.10 kB[22m
[2m.svelte-kit/output/client/[22m[36m_app/immutable/nodes/0.Bt9rSKTv.js                                        [39m[1m[2m 0.11 kB[22m[1m[22m[2m │ gzip:  0.12 kB[22m[2m │ map:   0.09 kB[22m
[2m.svelte-kit/output/client/[22m[36m_app/immutable/chunks/css_to_jsx-df3bcfa3.DVb4bHws.js                     [39m[1m[2m 0.19 kB[22m[1m[22m[2m │ gzip:  0.18 kB[22m[2m │ map:   0.64 kB[22m
[2m.svelte-kit/output/client/[22m[36m_app/immutable/nodes/2.wgn6GMvx.js                                        [39m[1m[2m 0.35 kB[22m[1m[22m[2m │ gzip:  0.28 kB[22m[2m │ map:   0.09 kB[22m
[2m.svelte-kit/output/client/[22m[36m_app/immutable/chunks/lifecycle.Dp4NVi3v.js                               [39m[1m[2m 0.41 kB[22m[1m[22m[2m │ gzip:  0.28 kB[22m[2m │ map:   2.31 kB[22m
[2m.svelte-kit/output/client/[22m[36m_app/immutable/chunks/coreproject-shape-minus.entry.x12RU_20.js           [39m[1m[2m 0.80 kB[22m[1m[22m[2m │ gzip:  0.52 kB[22m[2m │ map:   2.15 kB[22m
[2m.svelte-kit/output/client/[22m[36m_app/immutable/chunks/coreproject-shape-check.entry.CgbKIt3n.js           [39m[1m[2m 0.81 kB[22m[1m[22m[2m │ gzip:  0.53 kB[22m[2m │ map:   2.16 kB[22m
[2m.svelte-kit/output/client/[22m[36m_app/immutable/chunks/coreproject-shape-chevron.entry.BXCHJO7z.js         [39m[1m[2m 0.82 kB[22m[1m[22m[2m │ gzip:  0.54 kB[22m[2m │ map:   2.19 kB[22m
[2m.svelte-kit/output/client/[22m[36m_app/immutable/chunks/coreproject-shape-play.entry.CgMGA3TM.js            [39m[1m[2m 0.82 kB[22m[1m[22m[2m │ gzip:  0.54 kB[22m[2m │ map:   2.16 kB[22m
[2m.svelte-kit/output/client/[22m[36m_app/immutable/chunks/coreproject-shape-filter.entry.CjZVk34d.js          [39m[1m[2m 0.85 kB[22m[1m[22m[2m │ gzip:  0.55 kB[22m[2m │ map:   2.21 kB[22m
[2m.svelte-kit/output/client/[22m[36m_app/immutable/chunks/coreproject-shape-circle.entry.cyzApa3B.js          [39m[1m[2m 0.93 kB[22m[1m[22m[2m │ gzip:  0.57 kB[22m[2m │ map:   2.28 kB[22m
[2m.svelte-kit/output/client/[22m[36m_app/immutable/chunks/coreproject-shape-code.entry.BiAooLo6.js            [39m[1m[2m 0.97 kB[22m[1m[22m[2m │ gzip:  0.58 kB[22m[2m │ map:   2.43 kB[22m
[2m.svelte-kit/output/client/[22m[36m_app/immutable/chunks/coreproject-shape-terminal.entry.4ukWVqbu.js        [39m[1m[2m 0.97 kB[22m[1m[22m[2m │ gzip:  0.58 kB[22m[2m │ map:   2.47 kB[22m
[2m.svelte-kit/output/client/[22m[36m_app/immutable/chunks/coreproject-shape-pause.entry.DLH4sK1Y.js           [39m[1m[2m 0.97 kB[22m[1m[22m[2m │ gzip:  0.57 kB[22m[2m │ map:   2.44 kB[22m
[2m.svelte-kit/output/client/[22m[36m_app/immutable/chunks/disclose-version.BrrXkdOn.js                        [39m[1m[2m 0.98 kB[22m[1m[22m[2m │ gzip:  0.58 kB[22m[2m │ map:  10.25 kB[22m
[2m.svelte-kit/output/client/[22m[36m_app/immutable/chunks/coreproject-shape-chevrons.entry.D4VOBQBX.js        [39m[1m[2m 0.99 kB[22m[1m[22m[2m │ gzip:  0.58 kB[22m[2m │ map:   2.49 kB[22m
[2m.svelte-kit/output/client/[22m[36m_app/immutable/chunks/coreproject-shape-fast-forward.entry.JL791On7.js    [39m[1m[2m 1.02 kB[22m[1m[22m[2m │ gzip:  0.59 kB[22m[2m │ map:   2.55 kB[22m
[2m.svelte-kit/output/client/[22m[36m_app/immutable/chunks/coreproject-shape-mouse-pointer.entry.DsZnsX6v.js   [39m[1m[2m 1.04 kB[22m[1m[22m[2m │ gzip:  0.60 kB[22m[2m │ map:   2.58 kB[22m
[2m.svelte-kit/output/client/[22m[36m_app/immutable/chunks/coreproject-shape-mail.entry.DhZw_I0H.js            [39m[1m[2m 1.08 kB[22m[1m[22m[2m │ gzip:  0.62 kB[22m[2m │ map:   2.54 kB[22m
[2m.svelte-kit/output/client/[22m[36m_app/immutable/chunks/coreproject-shape-clock.entry.BdXLaaDj.js           [39m[1m[2m 1.09 kB[22m[1m[22m[2m │ gzip:  0.61 kB[22m[2m │ map:   2.55 kB[22m
[2m.svelte-kit/output/client/[22m[36m_app/immutable/chunks/coreproject-shape-play-circle.entry.CWScFoTy.js     [39m[1m[2m 1.11 kB[22m[1m[22m[2m │ gzip:  0.62 kB[22m[2m │ map:   2.63 kB[22m
[2m.svelte-kit/output/client/[22m[36m_app/immutable/chunks/coreproject-shape-flag.entry.Bd1uzKXu.js            [39m[1m[2m 1.11 kB[22m[1m[22m[2m │ gzip:  0.63 kB[22m[2m │ map:   2.57 kB[22m
[2m.svelte-kit/output/client/[22m[36m_app/immutable/chunks/coreproject-shape-type.entry.BbrKd7zN.js            [39m[1m[2m 1.11 kB[22m[1m[22m[2m │ gzip:  0.61 kB[22m[2m │ map:   2.69 kB[22m
[2m.svelte-kit/output/client/[22m[36m_app/immutable/chunks/coreproject-shape-bar-chart.entry.DWyib1Ri.js       [39m[1m[2m 1.11 kB[22m[1m[22m[2m │ gzip:  0.60 kB[22m[2m │ map:   2.72 kB[22m
[2m.svelte-kit/output/client/[22m[36m_app/immutable/chunks/coreproject-shape-underline.entry.DfEF14CA.js       [39m[1m[2m 1.12 kB[22m[1m[22m[2m │ gzip:  0.66 kB[22m[2m │ map:   2.63 kB[22m
[2m.svelte-kit/output/client/[22m[36m_app/immutable/chunks/coreproject-shape-compass.entry.BKVPtf6h.js         [39m[1m[2m 1.15 kB[22m[1m[22m[2m │ gzip:  0.64 kB[22m[2m │ map:   2.64 kB[22m
[2m.svelte-kit/output/client/[22m[36m_app/immutable/chunks/coreproject-shape-home.entry.5Tz2b_VJ.js            [39m[1m[2m 1.16 kB[22m[1m[22m[2m │ gzip:  0.67 kB[22m[2m │ map:   2.62 kB[22m
[2m.svelte-kit/output/client/[22m[36m_app/immutable/chunks/coreproject-shape-minimize.entry.BP_OLQn8.js        [39m[1m[2m 1.17 kB[22m[1m[22m[2m │ gzip:  0.67 kB[22m[2m │ map:   2.55 kB[22m
[2m.svelte-kit/output/client/[22m[36m_app/immutable/chunks/coreproject-shape-maximize.entry.DD5GjpDd.js        [39m[1m[2m 1.20 kB[22m[1m[22m[2m │ gzip:  0.67 kB[22m[2m │ map:   2.58 kB[22m
[2m.svelte-kit/output/client/[22m[36m_app/immutable/chunks/coreproject-shape-info.entry.BkKQM5Cz.js            [39m[1m[2m 1.23 kB[22m[1m[22m[2m │ gzip:  0.65 kB[22m[2m │ map:   2.81 kB[22m
[2m.svelte-kit/output/client/[22m[36m_app/immutable/nodes/1.DUReUHT2.js                                        [39m[1m[2m 1.23 kB[22m[1m[22m[2m │ gzip:  0.65 kB[22m[2m │ map:  10.32 kB[22m
[2m.svelte-kit/output/client/[22m[36m_app/immutable/chunks/coreproject-shape-pause-circle.entry.B1kpQMk9.js    [39m[1m[2m 1.26 kB[22m[1m[22m[2m │ gzip:  0.65 kB[22m[2m │ map:   2.91 kB[22m
[2m.svelte-kit/output/client/[22m[36m_app/immutable/chunks/coreproject-shape-monitor.entry.BHrFGyLS.js         [39m[1m[2m 1.27 kB[22m[1m[22m[2m │ gzip:  0.68 kB[22m[2m │ map:   2.87 kB[22m
[2m.svelte-kit/output/client/[22m[36m_app/immutable/chunks/coreproject-shape-hash.entry.CNdmChQL.js            [39m[1m[2m 1.27 kB[22m[1m[22m[2m │ gzip:  0.64 kB[22m[2m │ map:   2.97 kB[22m
[2m.svelte-kit/output/client/[22m[36m_app/immutable/chunks/coreproject-shape-shrink.entry.DkUgx-Ga.js          [39m[1m[2m 1.29 kB[22m[1m[22m[2m │ gzip:  0.65 kB[22m[2m │ map:   3.01 kB[22m
[2m.svelte-kit/output/client/[22m[36m_app/immutable/chunks/coreproject-shape-tag.entry.B7ejuuVP.js             [39m[1m[2m 1.29 kB[22m[1m[22m[2m │ gzip:  0.72 kB[22m[2m │ map:   2.74 kB[22m
[2m.svelte-kit/output/client/[22m[36m_app/immutable/chunks/coreproject-shape-lock.entry.pe9KfA3F.js            [39m[1m[2m 1.29 kB[22m[1m[22m[2m │ gzip:  0.72 kB[22m[2m │ map:   2.75 kB[22m
[2m.svelte-kit/output/client/[22m[36m_app/immutable/chunks/coreproject-shape-expand.entry.vKBHVRvj.js          [39m[1m[2m 1.30 kB[22m[1m[22m[2m │ gzip:  0.66 kB[22m[2m │ map:   3.02 kB[22m
[2m.svelte-kit/output/client/[22m[36m_app/immutable/chunks/coreproject-shape-message-circle.entry.DQQ2PwsE.js  [39m[1m[2m 1.31 kB[22m[1m[22m[2m │ gzip:  0.80 kB[22m[2m │ map:   2.74 kB[22m
[2m.svelte-kit/output/client/[22m[36m_app/immutable/chunks/coreproject-shape-log-out.entry.CB37eDhs.js         [39m[1m[2m 1.31 kB[22m[1m[22m[2m │ gzip:  0.69 kB[22m[2m │ map:   2.91 kB[22m
[2m.svelte-kit/output/client/[22m[36m_app/immutable/chunks/coreproject-shape-log-in.entry.Cs_3v7Yd.js          [39m[1m[2m 1.32 kB[22m[1m[22m[2m │ gzip:  0.70 kB[22m[2m │ map:   2.91 kB[22m
[2m.svelte-kit/output/client/[22m[36m_app/immutable/chunks/coreproject-shape-unlock.entry.BvqOh1eY.js          [39m[1m[2m 1.32 kB[22m[1m[22m[2m │ gzip:  0.76 kB[22m[2m │ map:   2.80 kB[22m
[2m.svelte-kit/output/client/[22m[36m_app/immutable/chunks/coreproject-shape-grid.entry.DrMSkEQC.js            [39m[1m[2m 1.34 kB[22m[1m[22m[2m │ gzip:  0.66 kB[22m[2m │ map:   3.04 kB[22m
[2m.svelte-kit/output/client/[22m[36m_app/immutable/chunks/preload-helper.Cfbd8OTP.js                          [39m[1m[2m 1.35 kB[22m[1m[22m[2m │ gzip:  0.81 kB[22m[2m │ map:   9.95 kB[22m
[2m.svelte-kit/output/client/[22m[36m_app/immutable/chunks/coreproject-shape-moon.entry.hzNTJtXK.js            [39m[1m[2m 1.37 kB[22m[1m[22m[2m │ gzip:  0.86 kB[22m[2m │ map:   2.71 kB[22m
[2m.svelte-kit/output/client/[22m[36m_app/immutable/chunks/coreproject-shape-copy.entry.W29BRv-x.js            [39m[1m[2m 1.37 kB[22m[1m[22m[2m │ gzip:  0.72 kB[22m[2m │ map:   2.83 kB[22m
[2m.svelte-kit/output/client/[22m[36m_app/immutable/chunks/coreproject-shape-globe.entry.BCudcr1v.js           [39m[1m[2m 1.39 kB[22m[1m[22m[2m │ gzip:  0.71 kB[22m[2m │ map:   2.97 kB[22m
[2m.svelte-kit/output/client/[22m[36m_app/immutable/chunks/coreproject-shape-meh.entry.C7B7WDdd.js             [39m[1m[2m 1.40 kB[22m[1m[22m[2m │ gzip:  0.69 kB[22m[2m │ map:   3.09 kB[22m
[2m.svelte-kit/output/client/[22m[36m_app/immutable/chunks/coreproject-shape-triangle.entry.B2TKT1cp.js        [39m[1m[2m 1.41 kB[22m[1m[22m[2m │ gzip:  0.82 kB[22m[2m │ map:   2.79 kB[22m
[2m.svelte-kit/output/client/[22m[36m_app/immutable/chunks/coreproject-shape-external-link.entry.BRqBcYza.js   [39m[1m[2m 1.41 kB[22m[1m[22m[2m │ gzip:  0.76 kB[22m[2m │ map:   3.07 kB[22m
[2m.svelte-kit/output/client/[22m[36m_app/immutable/chunks/coreproject-shape-cast.entry.DccutM_7.js            [39m[1m[2m 1.42 kB[22m[1m[22m[2m │ gzip:  0.80 kB[22m[2m │ map:   2.88 kB[22m
[2m.svelte-kit/output/client/[22m[36m_app/immutable/chunks/coreproject-shape-calendar.entry.B0CilI0b.js        [39m[1m[2m 1.42 kB[22m[1m[22m[2m │ gzip:  0.71 kB[22m[2m │ map:   3.16 kB[22m
[2m.svelte-kit/output/client/[22m[36m_app/immutable/chunks/coreproject-shape-clipboard.entry.CU6rbdGy.js       [39m[1m[2m 1.43 kB[22m[1m[22m[2m │ gzip:  0.77 kB[22m[2m │ map:   2.93 kB[22m
[2m.svelte-kit/output/client/[22m[36m_app/immutable/chunks/coreproject-shape-frown.entry.C2smijHY.js           [39m[1m[2m 1.45 kB[22m[1m[22m[2m │ gzip:  0.71 kB[22m[2m │ map:   3.16 kB[22m
[2m.svelte-kit/output/client/[22m[36m_app/immutable/chunks/coreproject-shape-award.entry.BLjAm-hP.js           [39m[1m[2m 1.45 kB[22m[1m[22m[2m │ gzip:  0.81 kB[22m[2m │ map:   3.12 kB[22m
[2m.svelte-kit/output/client/[22m[36m_app/immutable/chunks/coreproject-shape-trending.entry.C0o9OIl5.js        [39m[1m[2m 1.47 kB[22m[1m[22m[2m │ gzip:  0.82 kB[22m[2m │ map:   3.27 kB[22m
[2m.svelte-kit/output/client/[22m[36m_app/immutable/chunks/coreproject-shape-corner.entry.BxZMyasH.js          [39m[1m[2m 1.47 kB[22m[1m[22m[2m │ gzip:  0.75 kB[22m[2m │ map:   3.06 kB[22m
[2m.svelte-kit/output/client/[22m[36m_app/immutable/chunks/coreproject-shape-heart.entry.D7BvKuTe.js           [39m[1m[2m 1.47 kB[22m[1m[22m[2m │ gzip:  0.85 kB[22m[2m │ map:   2.82 kB[22m
[2m.svelte-kit/output/client/[22m[36m_app/immutable/chunks/coreproject-shape-help-circle.entry.rSHNr89T.js     [39m[1m[2m 1.49 kB[22m[1m[22m[2m │ gzip:  0.79 kB[22m[2m │ map:   3.13 kB[22m
[2m.svelte-kit/output/client/[22m[36m_app/immutable/chunks/coreproject-shape-more.entry.CRa2GgT4.js            [39m[1m[2m 1.52 kB[22m[1m[22m[2m │ gzip:  0.72 kB[22m[2m │ map:   3.10 kB[22m
[2m.svelte-kit/output/client/[22m[36m_app/immutable/chunks/coreproject-shape-thumbs.entry.CWP5jCNj.js          [39m[1m[2m 1.55 kB[22m[1m[22m[2m │ gzip:  0.90 kB[22m[2m │ map:   3.02 kB[22m
[2m.svelte-kit/output/client/[22m[36m_app/immutable/chunks/coreproject-shape-key.entry.DlhwvSi7.js             [39m[1m[2m 1.55 kB[22m[1m[22m[2m │ gzip:  0.90 kB[22m[2m │ map:   2.88 kB[22m
[2m.svelte-kit/output/client/[22m[36m_app/immutable/chunks/coreproject-shape-list.entry.Czyr5keU.js            [39m[1m[2m 1.59 kB[22m[1m[22m[2m │ gzip:  0.70 kB[22m[2m │ map:   3.52 kB[22m
[2m.svelte-kit/output/client/[22m[36m_app/immutable/chunks/coreproject-shape-delete.entry.Beb9o1vL.js          [39m[1m[2m 1.62 kB[22m[1m[22m[2m │ gzip:  0.87 kB[22m[2m │ map:   3.41 kB[22m
[2m.svelte-kit/output/client/[22m[36m_app/immutable/chunks/coreproject-shape-at-sign.entry.BuSvqTg_.js         [39m[1m[2m 1.63 kB[22m[1m[22m[2m │ gzip:  0.91 kB[22m[2m │ map:   3.11 kB[22m
[2m.svelte-kit/output/client/[22m[36m_app/immutable/chunks/coreproject-shape-map-pin.entry.DhhIxcBu.js         [39m[1m[2m 1.63 kB[22m[1m[22m[2m │ gzip:  0.88 kB[22m[2m │ map:   3.31 kB[22m
[2m.svelte-kit/output/client/[22m[36m_app/immutable/chunks/coreproject-shape-move.entry.DuSharzc.js            [39m[1m[2m 1.64 kB[22m[1m[22m[2m │ gzip:  0.74 kB[22m[2m │ map:   3.58 kB[22m
[2m.svelte-kit/output/client/[22m[36m_app/immutable/chunks/coreproject-shape-tool.entry.gKMO8OtJ.js            [39m[1m[2m 1.65 kB[22m[1m[22m[2m │ gzip:  0.92 kB[22m[2m │ map:   2.99 kB[22m
[2m.svelte-kit/output/client/[22m[36m_app/immutable/chunks/coreproject-shape-zap-off.entry.D4e01fpj.js         [39m[1m[2m 1.66 kB[22m[1m[22m[2m │ gzip:  0.86 kB[22m[2m │ map:   3.58 kB[22m
[2m.svelte-kit/output/client/[22m[36m_app/immutable/chunks/coreproject-shape-rotate.entry.D6BK22IW.js          [39m[1m[2m 1.66 kB[22m[1m[22m[2m │ gzip:  0.97 kB[22m[2m │ map:   3.34 kB[22m
[2m.svelte-kit/output/client/[22m[36m_app/immutable/chunks/coreproject-shape-hard-drive.entry.rSJEaLOt.js      [39m[1m[2m 1.66 kB[22m[1m[22m[2m │ gzip:  0.85 kB[22m[2m │ map:   3.41 kB[22m
[2m.svelte-kit/output/client/[22m[36m_app/immutable/chunks/coreproject-shape-twitter.entry.DxmGDD2i.js         [39m[1m[2m 1.66 kB[22m[1m[22m[2m │ gzip:  1.01 kB[22m[2m │ map:   3.23 kB[22m
[2m.svelte-kit/output/client/[22m[36m_app/immutable/chunks/coreproject-shape-headphones.entry.COJXJdXI.js      [39m[1m[2m 1.68 kB[22m[1m[22m[2m │ gzip:  0.85 kB[22m[2m │ map:   3.20 kB[22m
[2m.svelte-kit/output/client/[22m[36m_app/immutable/chunks/coreproject-shape-box.entry.ExJJE6q0.js             [39m[1m[2m 1.74 kB[22m[1m[22m[2m │ gzip:  0.88 kB[22m[2m │ map:   3.31 kB[22m
[2m.svelte-kit/output/client/[22m[36m_app/immutable/chunks/coreproject-logo-github.entry.Ce7SohjW.js           [39m[1m[2m 1.75 kB[22m[1m[22m[2m │ gzip:  1.01 kB[22m[2m │ map:   3.30 kB[22m
[2m.svelte-kit/output/client/[22m[36m_app/immutable/chunks/coreproject-shape-repeat.entry.CSdUfg8x.js          [39m[1m[2m 1.80 kB[22m[1m[22m[2m │ gzip:  0.92 kB[22m[2m │ map:   3.72 kB[22m
[2m.svelte-kit/output/client/[22m[36m_app/immutable/chunks/coreproject-shape-cloud-off.entry.j03CmxK9.js       [39m[1m[2m 1.82 kB[22m[1m[22m[2m │ gzip:  1.05 kB[22m[2m │ map:   3.52 kB[22m
[2m.svelte-kit/output/client/[22m[36m_app/immutable/chunks/coreproject-shape-gift.entry.BDagZgmj.js            [39m[1m[2m 1.83 kB[22m[1m[22m[2m │ gzip:  0.84 kB[22m[2m │ map:   3.65 kB[22m
[2m.svelte-kit/output/client/[22m[36m_app/immutable/chunks/coreproject-shape-refresh.entry.1fvwtRxe.js         [39m[1m[2m 1.83 kB[22m[1m[22m[2m │ gzip:  1.02 kB[22m[2m │ map:   3.64 kB[22m
[2m.svelte-kit/output/client/[22m[36m_app/immutable/chunks/coreproject-shape-book.entry.qyp7IIU8.js            [39m[1m[2m 1.87 kB[22m[1m[22m[2m │ gzip:  0.78 kB[22m[2m │ map:   3.93 kB[22m
[2m.svelte-kit/output/client/[22m[36m_app/immutable/chunks/coreproject-shape-zoom.entry.rus1VYv5.js            [39m[1m[2m 1.92 kB[22m[1m[22m[2m │ gzip:  0.54 kB[22m[2m │ map:   4.29 kB[22m
[2m.svelte-kit/output/client/[22m[36m_app/immutable/chunks/coreproject-shape-toggle.entry.CbnhhsMa.js          [39m[1m[2m 2.07 kB[22m[1m[22m[2m │ gzip:  0.68 kB[22m[2m │ map:   4.42 kB[22m
[2m.svelte-kit/output/client/[22m[36m_app/immutable/chunks/coreproject-shape-star.entry.DM154IIJ.js            [39m[1m[2m 2.18 kB[22m[1m[22m[2m │ gzip:  1.20 kB[22m[2m │ map:   4.44 kB[22m
[2m.svelte-kit/output/client/[22m[36m_app/immutable/chunks/coreproject-shape-users.entry.Bn-FyrfG.js           [39m[1m[2m 2.19 kB[22m[1m[22m[2m │ gzip:  1.09 kB[22m[2m │ map:   4.10 kB[22m
[2m.svelte-kit/output/client/[22m[36m_app/immutable/chunks/coreproject-shape-plus.entry.B3htNeW_.js            [39m[1m[2m 2.21 kB[22m[1m[22m[2m │ gzip:  0.62 kB[22m[2m │ map:   5.04 kB[22m
[2m.svelte-kit/output/client/[22m[36m_app/immutable/chunks/coreproject-shape-trash.entry.Dvkkl1PT.js           [39m[1m[2m 2.22 kB[22m[1m[22m[2m │ gzip:  0.68 kB[22m[2m │ map:   4.50 kB[22m
[2m.svelte-kit/output/client/[22m[36m_app/immutable/chunks/coreproject-shape-arrow.entry.CA1Mqav8.js           [39m[1m[2m 2.22 kB[22m[1m[22m[2m │ gzip:  1.19 kB[22m[2m │ map:   4.62 kB[22m
[2m.svelte-kit/output/client/[22m[36m_app/immutable/chunks/render.nyHlAalt.js                                  [39m[1m[2m 2.29 kB[22m[1m[22m[2m │ gzip:  1.28 kB[22m[2m │ map:  31.95 kB[22m
[2m.svelte-kit/output/client/[22m[36m_app/immutable/chunks/coreproject-shape-smartphone.entry.CL4wrcKf.js      [39m[1m[2m 2.38 kB[22m[1m[22m[2m │ gzip:  1.25 kB[22m[2m │ map:   4.82 kB[22m
[2m.svelte-kit/output/client/[22m[36m_app/immutable/chunks/coreproject-shape-download.entry.CgKXpJLU.js        [39m[1m[2m 2.39 kB[22m[1m[22m[2m │ gzip:  1.00 kB[22m[2m │ map:   4.84 kB[22m
[2m.svelte-kit/output/client/[22m[36m_app/immutable/chunks/coreproject-shape-eye.entry.DyrGtg7g.js             [39m[1m[2m 2.39 kB[22m[1m[22m[2m │ gzip:  0.94 kB[22m[2m │ map:   4.71 kB[22m
[2m.svelte-kit/output/client/[22m[36m_app/immutable/chunks/coreproject-shape-upload.entry.sm-W1kEO.js          [39m[1m[2m 2.50 kB[22m[1m[22m[2m │ gzip:  1.00 kB[22m[2m │ map:   5.03 kB[22m
[2m.svelte-kit/output/client/[22m[36m_app/immutable/chunks/coreproject-shape-airplay.entry.CK6D7gzI.js         [39m[1m[2m 2.58 kB[22m[1m[22m[2m │ gzip:  1.34 kB[22m[2m │ map:   4.99 kB[22m
[2m.svelte-kit/output/client/[22m[36m_app/immutable/chunks/coreproject-shape-speaker.entry.C_VhP8XC.js         [39m[1m[2m 2.63 kB[22m[1m[22m[2m │ gzip:  1.33 kB[22m[2m │ map:   5.16 kB[22m
[2m.svelte-kit/output/client/[22m[36m_app/immutable/chunks/coreproject-shape-bell.entry.Dy8LdGuC.js            [39m[1m[2m 2.63 kB[22m[1m[22m[2m │ gzip:  0.94 kB[22m[2m │ map:   5.14 kB[22m
[2m.svelte-kit/output/client/[22m[36m_app/immutable/chunks/coreproject-shape-save.entry.BdQZBu6v.js            [39m[1m[2m 2.67 kB[22m[1m[22m[2m │ gzip:  1.35 kB[22m[2m │ map:   5.17 kB[22m
[2m.svelte-kit/output/client/[22m[36m_app/immutable/chunks/coreproject-shape-smile.entry.BG7dBxWD.js           [39m[1m[2m 2.71 kB[22m[1m[22m[2m │ gzip:  1.32 kB[22m[2m │ map:   5.34 kB[22m
[2m.svelte-kit/output/client/[22m[36m_app/immutable/chunks/coreproject-shape-volume.entry.DsjsgjSL.js          [39m[1m[2m 2.74 kB[22m[1m[22m[2m │ gzip:  0.73 kB[22m[2m │ map:   6.10 kB[22m
[2m.svelte-kit/output/client/[22m[36m_app/immutable/chunks/coreproject-shape-folder.entry.BuAiz-jH.js          [39m[1m[2m 2.78 kB[22m[1m[22m[2m │ gzip:  0.67 kB[22m[2m │ map:   5.43 kB[22m
[2m.svelte-kit/output/client/[22m[36m_app/immutable/chunks/coreproject-shape-link.entry.CMneRPoK.js            [39m[1m[2m 2.79 kB[22m[1m[22m[2m │ gzip:  1.27 kB[22m[2m │ map:   4.99 kB[22m
[2m.svelte-kit/output/client/[22m[36m_app/immutable/chunks/coreproject-shape-edit.entry.Bo3rRSSP.js            [39m[1m[2m 2.89 kB[22m[1m[22m[2m │ gzip:  1.09 kB[22m[2m │ map:   5.41 kB[22m
[2m.svelte-kit/output/client/[22m[36m_app/immutable/chunks/coreproject-shape-x.entry.CJPJ1zxm.js               [39m[1m[2m 2.91 kB[22m[1m[22m[2m │ gzip:  0.68 kB[22m[2m │ map:   6.39 kB[22m
[2m.svelte-kit/output/client/[22m[36m_app/immutable/chunks/coreproject-shape-shopping-cart.entry.DSRSOhC0.js   [39m[1m[2m 3.09 kB[22m[1m[22m[2m │ gzip:  1.54 kB[22m[2m │ map:   5.82 kB[22m
[2m.svelte-kit/output/client/[22m[36m_app/immutable/chunks/coreproject-shape-shield.entry.DXoknCty.js          [39m[1m[2m 3.10 kB[22m[1m[22m[2m │ gzip:  1.03 kB[22m[2m │ map:   6.71 kB[22m
[2m.svelte-kit/output/client/[22m[36m_app/immutable/chunks/coreproject-shape-alert-triangle.entry.DBBkqxkZ.js  [39m[1m[2m 3.11 kB[22m[1m[22m[2m │ gzip:  1.59 kB[22m[2m │ map:   5.81 kB[22m
[2m.svelte-kit/output/client/[22m[36m_app/immutable/chunks/coreproject-shape-share.entry.Bn5TkW5U.js           [39m[1m[2m 3.15 kB[22m[1m[22m[2m │ gzip:  1.47 kB[22m[2m │ map:   5.90 kB[22m
[2m.svelte-kit/output/client/[22m[36m_app/immutable/chunks/coreproject-logo-figma.entry.CR4lYUzz.js            [39m[1m[2m 3.43 kB[22m[1m[22m[2m │ gzip:  1.51 kB[22m[2m │ map:   5.45 kB[22m
[2m.svelte-kit/output/client/[22m[36m_app/immutable/chunks/coreproject-shape-sun.entry.DLFEGFCR.js             [39m[1m[2m 3.73 kB[22m[1m[22m[2m │ gzip:  1.59 kB[22m[2m │ map:   7.09 kB[22m
[2m.svelte-kit/output/client/[22m[36m_app/immutable/chunks/coreproject-shape-file.entry.C4i60Q1n.js            [39m[1m[2m 3.82 kB[22m[1m[22m[2m │ gzip:  0.69 kB[22m[2m │ map:   7.64 kB[22m
[2m.svelte-kit/output/client/[22m[36m_app/immutable/chunks/coreproject-shape-align.entry.DulOezGN.js           [39m[1m[2m 4.53 kB[22m[1m[22m[2m │ gzip:  0.89 kB[22m[2m │ map:   9.99 kB[22m
[2m.svelte-kit/output/client/[22m[36m_app/immutable/chunks/coreproject-shape-user.entry.CIhXDORH.js            [39m[1m[2m 5.41 kB[22m[1m[22m[2m │ gzip:  0.91 kB[22m[2m │ map:  10.35 kB[22m
[2m.svelte-kit/output/client/[22m[36m_app/immutable/chunks/coreproject-shape-settings.entry.CWB41Eei.js        [39m[1m[2m 6.37 kB[22m[1m[22m[2m │ gzip:  2.98 kB[22m[2m │ map:   8.94 kB[22m
[2m.svelte-kit/output/client/[22m[36m_app/immutable/entry/app.DyWhgp4s.js                                      [39m[1m[2m 6.98 kB[22m[1m[22m[2m │ gzip:  3.10 kB[22m[2m │ map:  45.22 kB[22m
[2m.svelte-kit/output/client/[22m[36m_app/immutable/chunks/runtime.CbaPVWuf.js                                 [39m[1m[2m10.42 kB[22m[1m[22m[2m │ gzip:  4.31 kB[22m[2m │ map: 107.33 kB[22m
[2m.svelte-kit/output/client/[22m[36m_app/immutable/chunks/entry.Dmn6YtP7.js                                   [39m[1m[2m26.31 kB[22m[1m[22m[2m │ gzip: 10.35 kB[22m[2m │ map: 175.65 kB[22m
[2m.svelte-kit/output/client/[22m[36m_app/immutable/chunks/0.BLYPtA5d.js                                       [39m[1m[2m52.91 kB[22m[1m[22m[2m │ gzip: 11.64 kB[22m[2m │ map: 126.23 kB[22m
[32m✓ built in 920ms[39m
[
  {
    'icon-name': 'coreproject-shape-thumbs',
    variants: [ 'up', 'down' ]
  },
  {
    'icon-name': 'coreproject-shape-trending',
    variants: [ 'up', 'down' ]
  },
  {
    'icon-name': 'coreproject-shape-corner',
    variants: [
      'down-right',
      'down-left',
      'left-down',
      'left-up',
      'up-left',
      'up-right',
      'right-up',
      'right-down'
    ]
  },
  {
    'icon-name': 'coreproject-shape-align',
    variants: [ 'center', 'justify', 'left', 'right' ]
  },
  { 'icon-name': 'coreproject-shape-bell', variants: [ 'on', 'off' ] },
  {
    'icon-name': 'coreproject-shape-book',
    variants: [ 'open', 'close' ]
  },
  {
    'icon-name': 'coreproject-shape-download',
    variants: [ 'arrow', 'cloud' ]
  },
  {
    'icon-name': 'coreproject-shape-edit',
    variants: [ 'box', 'pencil', 'line-with-pencil' ]
  },
  {
    'icon-name': 'coreproject-shape-eye',
    variants: [ 'open', 'close' ]
  },
  {
    'icon-name': 'coreproject-shape-file',
    variants: [ 'normal', 'minus', 'plus', 'text' ]
  },
  {
    'icon-name': 'coreproject-shape-folder',
    variants: [ 'normal', 'minus', 'plus' ]
  },
  {
    'icon-name': 'coreproject-shape-link',
    variants: [ 'tilted', 'horizontal' ]
  },
  {
    'icon-name': 'coreproject-shape-plus',
    variants: [ 'no-border', 'circle', 'square' ]
  },
  {
    'icon-name': 'coreproject-shape-shield',
    variants: [ 'on', 'off' ]
  },
  {
    'icon-name': 'coreproject-shape-toggle',
    variants: [ 'off', 'on' ]
  },
  {
    'icon-name': 'coreproject-shape-trash',
    variants: [ 'with-lines', 'without-lines' ]
  },
  {
    'icon-name': 'coreproject-shape-upload',
    variants: [ 'arrow', 'cloud' ]
  },
  {
    'icon-name': 'coreproject-shape-user',
    variants: [ 'normal', 'check', 'minus', 'plus', 'x' ]
  },
  {
    'icon-name': 'coreproject-shape-volume',
    variants: [ 'off', 'half', 'full', 'mute' ]
  },
  {
    'icon-name': 'coreproject-shape-x',
    variants: [ 'no-border', 'circle', 'octagon', 'square' ]
  },
  { 'icon-name': 'coreproject-shape-zoom', variants: [ 'in', 'out' ] },
  { 'icon-name': 'coreproject-shape-zap-off' },
  { 'icon-name': 'coreproject-shape-users' },
  { 'icon-name': 'coreproject-shape-unlock' },
  { 'icon-name': 'coreproject-shape-underline' },
  { 'icon-name': 'coreproject-shape-type' },
  { 'icon-name': 'coreproject-shape-twitter' },
  { 'icon-name': 'coreproject-shape-triangle' },
  { 'icon-name': 'coreproject-shape-tool' },
  { 'icon-name': 'coreproject-shape-terminal' },
  { 'icon-name': 'coreproject-shape-tag' },
  { 'icon-name': 'coreproject-shape-sun' },
  { 'icon-name': 'coreproject-shape-star' },
  { 'icon-name': 'coreproject-shape-speaker' },
  { 'icon-name': 'coreproject-shape-smile' },
  { 'icon-name': 'coreproject-shape-smartphone' },
  { 'icon-name': 'coreproject-shape-shrink' },
  { 'icon-name': 'coreproject-shape-shopping-cart' },
  { 'icon-name': 'coreproject-shape-share' },
  { 'icon-name': 'coreproject-shape-settings' },
  { 'icon-name': 'coreproject-shape-save' },
  { 'icon-name': 'coreproject-shape-rotate' },
  { 'icon-name': 'coreproject-shape-repeat' },
  { 'icon-name': 'coreproject-shape-refresh' },
  { 'icon-name': 'coreproject-shape-play' },
  { 'icon-name': 'coreproject-shape-play-circle' },
  { 'icon-name': 'coreproject-shape-pause' },
  { 'icon-name': 'coreproject-shape-pause-circle' },
  { 'icon-name': 'coreproject-shape-move' },
  { 'icon-name': 'coreproject-shape-mouse-pointer' },
  { 'icon-name': 'coreproject-shape-more' },
  { 'icon-name': 'coreproject-shape-moon' },
  { 'icon-name': 'coreproject-shape-monitor' },
  { 'icon-name': 'coreproject-shape-minus' },
  { 'icon-name': 'coreproject-shape-minimize' },
  { 'icon-name': 'coreproject-shape-message-circle' },
  { 'icon-name': 'coreproject-shape-meh' },
  { 'icon-name': 'coreproject-shape-maximize' },
  { 'icon-name': 'coreproject-shape-map-pin' },
  { 'icon-name': 'coreproject-shape-mail' },
  { 'icon-name': 'coreproject-shape-log-out' },
  { 'icon-name': 'coreproject-shape-log-in' },
  { 'icon-name': 'coreproject-shape-lock' },
  { 'icon-name': 'coreproject-shape-list' },
  { 'icon-name': 'coreproject-shape-key' },
  { 'icon-name': 'coreproject-shape-info' },
  { 'icon-name': 'coreproject-shape-home' },
  { 'icon-name': 'coreproject-shape-help-circle' },
  { 'icon-name': 'coreproject-shape-heart' },
  { 'icon-name': 'coreproject-shape-headphones' },
  { 'icon-name': 'coreproject-shape-hash' },
  { 'icon-name': 'coreproject-shape-hard-drive' },
  { 'icon-name': 'coreproject-shape-grid' },
  { 'icon-name': 'coreproject-shape-globe' },
  { 'icon-name': 'coreproject-logo-github' },
  { 'icon-name': 'coreproject-shape-gift' },
  { 'icon-name': 'coreproject-shape-frown' },
  { 'icon-name': 'coreproject-shape-flag' },
  { 'icon-name': 'coreproject-shape-filter' },
  { 'icon-name': 'coreproject-logo-figma' },
  { 'icon-name': 'coreproject-shape-fast-forward' },
  { 'icon-name': 'coreproject-shape-external-link' },
  { 'icon-name': 'coreproject-shape-expand' },
  { 'icon-name': 'coreproject-shape-delete' },
  { 'icon-name': 'coreproject-shape-copy' },
  { 'icon-name': 'coreproject-shape-compass' },
  { 'icon-name': 'coreproject-shape-code' },
  { 'icon-name': 'coreproject-shape-cloud-off' },
  { 'icon-name': 'coreproject-shape-clock' },
  { 'icon-name': 'coreproject-shape-clipboard' },
  { 'icon-name': 'coreproject-shape-circle' },
  { 'icon-name': 'coreproject-shape-chevrons' },
  { 'icon-name': 'coreproject-shape-chevron' },
  { 'icon-name': 'coreproject-shape-check' },
  { 'icon-name': 'coreproject-shape-cast' },
  { 'icon-name': 'coreproject-shape-calendar' },
  { 'icon-name': 'coreproject-shape-box' },
  { 'icon-name': 'coreproject-shape-bar-chart' },
  { 'icon-name': 'coreproject-shape-award' },
  { 'icon-name': 'coreproject-shape-at-sign' },
  ... 3 more items
]
[2m.svelte-kit/output/server/[22m[32m.vite/manifest.json                [39m[1m[2m 1.73 kB[22m[1m[22m
[2m.svelte-kit/output/server/[22m[36mentries/pages/_layout.ts.js        [39m[1m[2m 0.07 kB[22m[1m[22m[2m │ map:   0.19 kB[22m
[2m.svelte-kit/output/server/[22m[36mentries/pages/_page.svelte.js      [39m[1m[2m 0.21 kB[22m[1m[22m[2m │ map:   0.10 kB[22m
[2m.svelte-kit/output/server/[22m[36minternal.js                        [39m[1m[2m 0.35 kB[22m[1m[22m[2m │ map:   0.09 kB[22m
[2m.svelte-kit/output/server/[22m[36mentries/fallbacks/error.svelte.js  [39m[1m[2m 0.84 kB[22m[1m[22m[2m │ map:  90.29 kB[22m
[2m.svelte-kit/output/server/[22m[36mchunks/index.js                    [39m[1m[2m 1.36 kB[22m[1m[22m[2m │ map:  26.80 kB[22m
[2m.svelte-kit/output/server/[22m[36mchunks/exports.js                  [39m[1m[2m 2.70 kB[22m[1m[22m[2m │ map:  12.53 kB[22m
[2m.svelte-kit/output/server/[22m[36mentries/pages/_layout.svelte.js    [39m[1m[2m 5.78 kB[22m[1m[22m[2m │ map:  76.11 kB[22m
[2m.svelte-kit/output/server/[22m[36mchunks/internal.js                 [39m[1m[2m12.97 kB[22m[1m[22m[2m │ map: 151.69 kB[22m
[2m.svelte-kit/output/server/[22m[36mindex.js                           [39m[1m[2m42.32 kB[22m[1m[22m[2m │ map: 226.93 kB[22m
[32m✓ built in 2.34s[39m

Run npm run preview to preview your production build locally.

> Using @sveltejs/adapter-static
  Wrote site to "build"
  ✔ done
